<?xml version="1.0" encoding="UTF-8"?>
<!-- Generated by org.testng.reporters.JUnitReportReporter -->
<testsuite hostname="water7878778-All-Series" failures="0" tests="2" name="groceryinventory.GroceryInventoryTest" time="0.135" errors="0" timestamp="24 Apr 2020 01:06:49 GMT">
  <testcase classname="groceryinventory.GroceryInventoryTest" name="testIndex" time="0.073"/>
  <testcase classname="groceryinventory.GroceryInventoryTest" name="testGetAPI" time="0.062"/>
</testsuite> <!-- groceryinventory.GroceryInventoryTest -->
