<?xml version="1.0" encoding="UTF-8"?>
<!-- Generated by org.testng.reporters.JUnitReportReporter -->
<testsuite hostname="water7878778-All-Series" failures="0" tests="2" name="groceryinventory.GroceryInventoryTest" time="0.106" errors="0" timestamp="24 Apr 2020 01:07:22 GMT">
  <testcase classname="groceryinventory.GroceryInventoryTest" name="testGetAPI" time="0.051"/>
  <testcase classname="groceryinventory.GroceryInventoryTest" name="testIndex" time="0.055"/>
</testsuite> <!-- groceryinventory.GroceryInventoryTest -->
